<?xml version="1.0" encoding="UTF-8"?>
<!-- Generated by org.testng.reporters.JUnitReportReporter -->
<testsuite hostname="LIN80029104" failures="0" tests="5" name="runners.TestRunner" time="194.200" errors="0" timestamp="2023-02-26T22:07:26 IST" skipped="0">
  <testcase classname="runners.TestRunner" name="runScenario" time="22.749"/>
  <system-out/>
  <testcase classname="runners.TestRunner" name="runScenario" time="30.262"/>
  <system-out/>
  <testcase classname="runners.TestRunner" name="runScenario" time="30.635"/>
  <system-out/>
  <testcase classname="runners.TestRunner" name="runScenario" time="41.076"/>
  <system-out/>
  <testcase classname="runners.TestRunner" name="runScenario" time="69.478"/>
  <system-out/>
</testsuite> <!-- runners.TestRunner -->
