<?xml version="1.0" encoding="UTF-8"?>
<!-- Generated by org.testng.reporters.JUnitReportReporter -->
<testsuite hostname="LIN80029104" failures="0" tests="5" name="runners.TestRunner" time="141.113" errors="0" timestamp="2023-02-23T11:54:27 IST" skipped="0">
  <testcase classname="runners.TestRunner" name="runScenario" time="26.079"/>
  <system-out/>
  <testcase classname="runners.TestRunner" name="runScenario" time="33.675"/>
  <system-out/>
  <testcase classname="runners.TestRunner" name="runScenario" time="21.788"/>
  <system-out/>
  <testcase classname="runners.TestRunner" name="runScenario" time="27.253"/>
  <system-out/>
  <testcase classname="runners.TestRunner" name="runScenario" time="32.318"/>
  <system-out/>
</testsuite> <!-- runners.TestRunner -->
