<?xml version="1.0" encoding="UTF-8"?>
<!-- Generated by org.testng.reporters.JUnitReportReporter -->
<testsuite hostname="LIN80029104" failures="0" tests="5" name="runners.TestRunner" time="111.845" errors="0" timestamp="2023-02-24T05:50:13 IST" skipped="0">
  <testcase classname="runners.TestRunner" name="runScenario" time="14.872"/>
  <system-out/>
  <testcase classname="runners.TestRunner" name="runScenario" time="28.058"/>
  <system-out/>
  <testcase classname="runners.TestRunner" name="runScenario" time="22.624"/>
  <system-out/>
  <testcase classname="runners.TestRunner" name="runScenario" time="26.425"/>
  <system-out/>
  <testcase classname="runners.TestRunner" name="runScenario" time="19.866"/>
  <system-out/>
</testsuite> <!-- runners.TestRunner -->
