<?xml version="1.0" encoding="UTF-8"?>
<!-- Generated by org.testng.reporters.JUnitReportReporter -->
<testsuite hostname="LIN80029104" failures="0" tests="5" name="runners.TestRunner" time="199.189" errors="0" timestamp="2023-02-26T15:36:28 IST" skipped="0">
  <testcase classname="runners.TestRunner" name="runScenario" time="52.110"/>
  <system-out/>
  <testcase classname="runners.TestRunner" name="runScenario" time="30.299"/>
  <system-out/>
  <testcase classname="runners.TestRunner" name="runScenario" time="57.592"/>
  <system-out/>
  <testcase classname="runners.TestRunner" name="runScenario" time="34.356"/>
  <system-out/>
  <testcase classname="runners.TestRunner" name="runScenario" time="24.832"/>
  <system-out/>
</testsuite> <!-- runners.TestRunner -->
