<?xml version="1.0" encoding="UTF-8"?>
<!-- Generated by org.testng.reporters.JUnitReportReporter -->
<testsuite hostname="LIN80029104" failures="0" tests="5" name="runners.TestRunner" time="177.907" errors="0" timestamp="2023-02-25T09:29:55 IST" skipped="0">
  <testcase classname="runners.TestRunner" name="runScenario" time="43.532"/>
  <system-out/>
  <testcase classname="runners.TestRunner" name="runScenario" time="22.517"/>
  <system-out/>
  <testcase classname="runners.TestRunner" name="runScenario" time="48.319"/>
  <system-out/>
  <testcase classname="runners.TestRunner" name="runScenario" time="31.137"/>
  <system-out/>
  <testcase classname="runners.TestRunner" name="runScenario" time="32.402"/>
  <system-out/>
</testsuite> <!-- runners.TestRunner -->
