<?xml version="1.0" encoding="UTF-8"?>
<!-- Generated by org.testng.reporters.JUnitReportReporter -->
<testsuite hostname="LIN80029104" failures="0" tests="5" name="runners.TestRunner" time="92.012" errors="0" timestamp="2023-02-22T11:27:41 IST" skipped="0">
  <testcase classname="runners.TestRunner" name="runScenario" time="24.033"/>
  <system-out/>
  <testcase classname="runners.TestRunner" name="runScenario" time="23.425"/>
  <system-out/>
  <testcase classname="runners.TestRunner" name="runScenario" time="19.285"/>
  <system-out/>
  <testcase classname="runners.TestRunner" name="runScenario" time="11.097"/>
  <system-out/>
  <testcase classname="runners.TestRunner" name="runScenario" time="14.172"/>
  <system-out/>
</testsuite> <!-- runners.TestRunner -->
