<?xml version="1.0" encoding="UTF-8"?>
<!-- Generated by org.testng.reporters.JUnitReportReporter -->
<testsuite hostname="LIN80029104" failures="0" tests="5" name="runners.TestRunner" time="104.356" errors="0" timestamp="2023-02-24T18:10:25 IST" skipped="0">
  <testcase classname="runners.TestRunner" name="runScenario" time="17.434"/>
  <system-out/>
  <testcase classname="runners.TestRunner" name="runScenario" time="25.017"/>
  <system-out/>
  <testcase classname="runners.TestRunner" name="runScenario" time="20.866"/>
  <system-out/>
  <testcase classname="runners.TestRunner" name="runScenario" time="13.480"/>
  <system-out/>
  <testcase classname="runners.TestRunner" name="runScenario" time="27.559"/>
  <system-out/>
</testsuite> <!-- runners.TestRunner -->
