<?xml version="1.0" encoding="UTF-8"?>
<!-- Generated by org.testng.reporters.JUnitReportReporter -->
<testsuite hostname="LIN80029104" failures="0" tests="5" name="runners.TestRunner" time="222.952" errors="0" timestamp="2023-02-27T09:26:28 IST" skipped="0">
  <testcase classname="runners.TestRunner" name="runScenario" time="34.445"/>
  <system-out/>
  <testcase classname="runners.TestRunner" name="runScenario" time="44.742"/>
  <system-out/>
  <testcase classname="runners.TestRunner" name="runScenario" time="57.869"/>
  <system-out/>
  <testcase classname="runners.TestRunner" name="runScenario" time="35.264"/>
  <system-out/>
  <testcase classname="runners.TestRunner" name="runScenario" time="50.632"/>
  <system-out/>
</testsuite> <!-- runners.TestRunner -->
