<?xml version="1.0" encoding="UTF-8"?>
<!-- Generated by org.testng.reporters.JUnitReportReporter -->
<testsuite hostname="LIN80029104" failures="0" tests="5" name="runners.TestRunner" time="166.588" errors="0" timestamp="2023-02-24T13:49:56 IST" skipped="0">
  <testcase classname="runners.TestRunner" name="runScenario" time="29.236"/>
  <system-out/>
  <testcase classname="runners.TestRunner" name="runScenario" time="25.525"/>
  <system-out/>
  <testcase classname="runners.TestRunner" name="runScenario" time="39.428"/>
  <system-out/>
  <testcase classname="runners.TestRunner" name="runScenario" time="31.945"/>
  <system-out/>
  <testcase classname="runners.TestRunner" name="runScenario" time="40.454"/>
  <system-out/>
</testsuite> <!-- runners.TestRunner -->
